<?xml version="1.0" encoding="UTF-8"?>
<testng-results skipped="0" failed="0" ignored="0" total="1" passed="1">
  <reporter-output>
  </reporter-output>
  <suite name="Default suite" duration-ms="53" started-at="2018-06-17T13:30:16Z" finished-at="2018-06-17T13:30:16Z">
    <groups>
    </groups>
    <test name="Default test" duration-ms="53" started-at="2018-06-17T13:30:16Z" finished-at="2018-06-17T13:30:16Z">
      <class name="m1.TestHello">
        <test-method status="PASS" signature="demo1()[pri:0, instance:m1.TestHello@f777e8]" name="demo1" duration-ms="18" started-at="2018-06-17T13:30:16Z" finished-at="2018-06-17T13:30:16Z">
          <reporter-output>
          </reporter-output>
        </test-method> <!-- demo1 -->
      </class> <!-- m1.TestHello -->
    </test> <!-- Default test -->
  </suite> <!-- Default suite -->
</testng-results>
